{"/Users/yasmin-morais/projects/rails-react-app/client/src/components/AppRoutes.jsx": {"path":"/Users/yasmin-morais/projects/rails-react-app/client/src/components/AppRoutes.jsx","statementMap":{"0":{"start":{"line":11,"column":4},"end":{"line":19,"column":5}}},"fnMap":{"0":{"name":"AppRoutes","decl":{"start":{"line":10,"column":9},"end":{"line":10,"column":18}},"loc":{"start":{"line":10,"column":21},"end":{"line":20,"column":1}},"line":10}},"branchMap":{},"s":{"0":4},"f":{"0":4},"b":{},"_coverageSchema":"1a1c01bbd47fc00a2c39e90264f33305004495a9","hash":"c2777f7eade9e37b8921f5f323415d43561b9075"}
,"/Users/yasmin-morais/projects/rails-react-app/client/src/components/NavBar.jsx": {"path":"/Users/yasmin-morais/projects/rails-react-app/client/src/components/NavBar.jsx","statementMap":{"0":{"start":{"line":5,"column":4},"end":{"line":12,"column":5}}},"fnMap":{"0":{"name":"NavBar","decl":{"start":{"line":4,"column":9},"end":{"line":4,"column":15}},"loc":{"start":{"line":4,"column":18},"end":{"line":13,"column":1}},"line":4}},"branchMap":{},"s":{"0":1},"f":{"0":1},"b":{},"_coverageSchema":"1a1c01bbd47fc00a2c39e90264f33305004495a9","hash":"16fb91850acfcfb4fe65fd21e0c5342f511dbae6"}
,"/Users/yasmin-morais/projects/rails-react-app/client/src/features/posts/NewPostForm.jsx": {"path":"/Users/yasmin-morais/projects/rails-react-app/client/src/features/posts/NewPostForm.jsx","statementMap":{"0":{"start":{"line":8,"column":21},"end":{"line":8,"column":34}},"1":{"start":{"line":10,"column":31},"end":{"line":23,"column":5}},"2":{"start":{"line":11,"column":8},"end":{"line":22,"column":9}},"3":{"start":{"line":13,"column":29},"end":{"line":13,"column":64}},"4":{"start":{"line":16,"column":29},"end":{"line":16,"column":55}},"5":{"start":{"line":19,"column":12},"end":{"line":19,"column":46}},"6":{"start":{"line":21,"column":12},"end":{"line":21,"column":60}},"7":{"start":{"line":25,"column":4},"end":{"line":31,"column":6}}},"fnMap":{"0":{"name":"NewPostForm","decl":{"start":{"line":7,"column":9},"end":{"line":7,"column":20}},"loc":{"start":{"line":7,"column":23},"end":{"line":32,"column":1}},"line":7},"1":{"name":"(anonymous_1)","decl":{"start":{"line":10,"column":31},"end":{"line":10,"column":32}},"loc":{"start":{"line":10,"column":50},"end":{"line":23,"column":5}},"line":10}},"branchMap":{},"s":{"0":4,"1":3,"2":2,"3":2,"4":2,"5":1,"6":1,"7":3},"f":{"0":4,"1":2},"b":{},"_coverageSchema":"1a1c01bbd47fc00a2c39e90264f33305004495a9","hash":"31c2207402b601c760fc8531c4d101a797a688d6"}
,"/Users/yasmin-morais/projects/rails-react-app/client/src/features/posts/Pagination.jsx": {"path":"/Users/yasmin-morais/projects/rails-react-app/client/src/features/posts/Pagination.jsx","statementMap":{"0":{"start":{"line":5,"column":20},"end":{"line":5,"column":56}},"1":{"start":{"line":7,"column":24},"end":{"line":11,"column":2}},"2":{"start":{"line":8,"column":2},"end":{"line":10,"column":3}},"3":{"start":{"line":9,"column":3},"end":{"line":9,"column":33}},"4":{"start":{"line":13,"column":20},"end":{"line":17,"column":2}},"5":{"start":{"line":14,"column":2},"end":{"line":16,"column":3}},"6":{"start":{"line":15,"column":3},"end":{"line":15,"column":33}},"7":{"start":{"line":19,"column":31},"end":{"line":38,"column":2}},"8":{"start":{"line":23,"column":2},"end":{"line":25,"column":3}},"9":{"start":{"line":24,"column":3},"end":{"line":24,"column":37}},"10":{"start":{"line":28,"column":2},"end":{"line":31,"column":3}},"11":{"start":{"line":29,"column":34},"end":{"line":29,"column":35}},"12":{"start":{"line":30,"column":3},"end":{"line":30,"column":73}},"13":{"start":{"line":33,"column":2},"end":{"line":35,"column":3}},"14":{"start":{"line":34,"column":3},"end":{"line":34,"column":65}},"15":{"start":{"line":37,"column":2},"end":{"line":37,"column":63}},"16":{"start":{"line":40,"column":21},"end":{"line":42,"column":2}},"17":{"start":{"line":41,"column":2},"end":{"line":41,"column":70}},"18":{"start":{"line":41,"column":59},"end":{"line":41,"column":68}},"19":{"start":{"line":44,"column":27},"end":{"line":49,"column":2}},"20":{"start":{"line":45,"column":27},"end":{"line":45,"column":55}},"21":{"start":{"line":46,"column":25},"end":{"line":46,"column":66}},"22":{"start":{"line":48,"column":2},"end":{"line":48,"column":55}},"23":{"start":{"line":51,"column":1},"end":{"line":78,"column":3}},"24":{"start":{"line":58,"column":4},"end":{"line":69,"column":5}},"25":{"start":{"line":61,"column":21},"end":{"line":61,"column":39}},"26":{"start":{"line":81,"column":0},"end":{"line":86,"column":2}}},"fnMap":{"0":{"name":"Pagination","decl":{"start":{"line":3,"column":9},"end":{"line":3,"column":19}},"loc":{"start":{"line":3,"column":77},"end":{"line":79,"column":1}},"line":3},"1":{"name":"(anonymous_1)","decl":{"start":{"line":7,"column":24},"end":{"line":7,"column":25}},"loc":{"start":{"line":7,"column":30},"end":{"line":11,"column":2}},"line":7},"2":{"name":"(anonymous_2)","decl":{"start":{"line":13,"column":20},"end":{"line":13,"column":21}},"loc":{"start":{"line":13,"column":26},"end":{"line":17,"column":2}},"line":13},"3":{"name":"(anonymous_3)","decl":{"start":{"line":19,"column":31},"end":{"line":19,"column":32}},"loc":{"start":{"line":19,"column":37},"end":{"line":38,"column":2}},"line":19},"4":{"name":"(anonymous_4)","decl":{"start":{"line":40,"column":21},"end":{"line":40,"column":22}},"loc":{"start":{"line":40,"column":37},"end":{"line":42,"column":2}},"line":40},"5":{"name":"(anonymous_5)","decl":{"start":{"line":41,"column":49},"end":{"line":41,"column":50}},"loc":{"start":{"line":41,"column":59},"end":{"line":41,"column":68}},"line":41},"6":{"name":"(anonymous_6)","decl":{"start":{"line":44,"column":27},"end":{"line":44,"column":28}},"loc":{"start":{"line":44,"column":33},"end":{"line":49,"column":2}},"line":44},"7":{"name":"(anonymous_7)","decl":{"start":{"line":57,"column":32},"end":{"line":57,"column":33}},"loc":{"start":{"line":58,"column":4},"end":{"line":69,"column":5}},"line":58},"8":{"name":"(anonymous_8)","decl":{"start":{"line":61,"column":15},"end":{"line":61,"column":16}},"loc":{"start":{"line":61,"column":21},"end":{"line":61,"column":39}},"line":61}},"branchMap":{"0":{"loc":{"start":{"line":8,"column":2},"end":{"line":10,"column":3}},"type":"if","locations":[{"start":{"line":8,"column":2},"end":{"line":10,"column":3}},{"start":{},"end":{}}],"line":8},"1":{"loc":{"start":{"line":14,"column":2},"end":{"line":16,"column":3}},"type":"if","locations":[{"start":{"line":14,"column":2},"end":{"line":16,"column":3}},{"start":{},"end":{}}],"line":14},"2":{"loc":{"start":{"line":23,"column":2},"end":{"line":25,"column":3}},"type":"if","locations":[{"start":{"line":23,"column":2},"end":{"line":25,"column":3}},{"start":{},"end":{}}],"line":23},"3":{"loc":{"start":{"line":28,"column":2},"end":{"line":31,"column":3}},"type":"if","locations":[{"start":{"line":28,"column":2},"end":{"line":31,"column":3}},{"start":{},"end":{}}],"line":28},"4":{"loc":{"start":{"line":33,"column":2},"end":{"line":35,"column":3}},"type":"if","locations":[{"start":{"line":33,"column":2},"end":{"line":35,"column":3}},{"start":{},"end":{}}],"line":33},"5":{"loc":{"start":{"line":58,"column":4},"end":{"line":69,"column":5}},"type":"cond-expr","locations":[{"start":{"line":59,"column":5},"end":{"line":64,"column":14}},{"start":{"line":66,"column":5},"end":{"line":68,"column":12}}],"line":58},"6":{"loc":{"start":{"line":74,"column":14},"end":{"line":74,"column":60}},"type":"binary-expr","locations":[{"start":{"line":74,"column":14},"end":{"line":74,"column":40}},{"start":{"line":74,"column":44},"end":{"line":74,"column":60}}],"line":74}},"s":{"0":24,"1":24,"2":1,"3":1,"4":24,"5":2,"6":2,"7":24,"8":24,"9":18,"10":6,"11":4,"12":4,"13":2,"14":1,"15":1,"16":24,"17":24,"18":92,"19":24,"20":1,"21":1,"22":1,"23":24,"24":106,"25":1,"26":2},"f":{"0":24,"1":1,"2":2,"3":24,"4":24,"5":92,"6":1,"7":106,"8":1},"b":{"0":[1,0],"1":[2,0],"2":[18,6],"3":[4,2],"4":[1,1],"5":[99,7],"6":[24,21]},"_coverageSchema":"1a1c01bbd47fc00a2c39e90264f33305004495a9","hash":"7bd98b5cd482f5e475b7c88ebf1b73f83a8db3e9"}
,"/Users/yasmin-morais/projects/rails-react-app/client/src/features/posts/PostDetails.jsx": {"path":"/Users/yasmin-morais/projects/rails-react-app/client/src/features/posts/PostDetails.jsx","statementMap":{"0":{"start":{"line":7,"column":26},"end":{"line":7,"column":40}},"1":{"start":{"line":8,"column":17},"end":{"line":8,"column":28}},"2":{"start":{"line":9,"column":19},"end":{"line":9,"column":32}},"3":{"start":{"line":11,"column":2},"end":{"line":23,"column":11}},"4":{"start":{"line":12,"column":29},"end":{"line":21,"column":5}},"5":{"start":{"line":13,"column":6},"end":{"line":20,"column":7}},"6":{"start":{"line":15,"column":21},"end":{"line":15,"column":40}},"7":{"start":{"line":17,"column":8},"end":{"line":17,"column":22}},"8":{"start":{"line":19,"column":8},"end":{"line":19,"column":51}},"9":{"start":{"line":22,"column":4},"end":{"line":22,"column":23}},"10":{"start":{"line":25,"column":28},"end":{"line":33,"column":3}},"11":{"start":{"line":26,"column":4},"end":{"line":32,"column":5}},"12":{"start":{"line":27,"column":6},"end":{"line":27,"column":32}},"13":{"start":{"line":29,"column":6},"end":{"line":29,"column":20}},"14":{"start":{"line":31,"column":8},"end":{"line":31,"column":51}},"15":{"start":{"line":36,"column":2},"end":{"line":36,"column":40}},"16":{"start":{"line":36,"column":13},"end":{"line":36,"column":40}},"17":{"start":{"line":38,"column":2},"end":{"line":53,"column":4}}},"fnMap":{"0":{"name":"PostDetails","decl":{"start":{"line":6,"column":9},"end":{"line":6,"column":20}},"loc":{"start":{"line":6,"column":23},"end":{"line":54,"column":1}},"line":6},"1":{"name":"(anonymous_1)","decl":{"start":{"line":11,"column":12},"end":{"line":11,"column":13}},"loc":{"start":{"line":11,"column":18},"end":{"line":23,"column":3}},"line":11},"2":{"name":"(anonymous_2)","decl":{"start":{"line":12,"column":29},"end":{"line":12,"column":30}},"loc":{"start":{"line":12,"column":41},"end":{"line":21,"column":5}},"line":12},"3":{"name":"(anonymous_3)","decl":{"start":{"line":25,"column":28},"end":{"line":25,"column":29}},"loc":{"start":{"line":25,"column":40},"end":{"line":33,"column":3}},"line":25}},"branchMap":{"0":{"loc":{"start":{"line":36,"column":2},"end":{"line":36,"column":40}},"type":"if","locations":[{"start":{"line":36,"column":2},"end":{"line":36,"column":40}},{"start":{},"end":{}}],"line":36},"1":{"loc":{"start":{"line":42,"column":12},"end":{"line":44,"column":9}},"type":"binary-expr","locations":[{"start":{"line":42,"column":12},"end":{"line":42,"column":26}},{"start":{"line":43,"column":8},"end":{"line":43,"column":76}}],"line":42}},"s":{"0":7,"1":7,"2":7,"3":7,"4":4,"5":4,"6":4,"7":3,"8":1,"9":4,"10":7,"11":2,"12":2,"13":1,"14":1,"15":7,"16":4,"17":3},"f":{"0":7,"1":4,"2":4,"3":2},"b":{"0":[4,3],"1":[3,3]},"_coverageSchema":"1a1c01bbd47fc00a2c39e90264f33305004495a9","hash":"5c283c443a2ff498c442cbc073007426ca64cc36"}
,"/Users/yasmin-morais/projects/rails-react-app/client/src/features/posts/PostEditForm.jsx": {"path":"/Users/yasmin-morais/projects/rails-react-app/client/src/features/posts/PostEditForm.jsx","statementMap":{"0":{"start":{"line":8,"column":26},"end":{"line":8,"column":40}},"1":{"start":{"line":9,"column":17},"end":{"line":9,"column":28}},"2":{"start":{"line":10,"column":19},"end":{"line":10,"column":32}},"3":{"start":{"line":12,"column":2},"end":{"line":22,"column":11}},"4":{"start":{"line":13,"column":29},"end":{"line":20,"column":5}},"5":{"start":{"line":14,"column":6},"end":{"line":19,"column":7}},"6":{"start":{"line":15,"column":21},"end":{"line":15,"column":40}},"7":{"start":{"line":16,"column":8},"end":{"line":16,"column":22}},"8":{"start":{"line":18,"column":8},"end":{"line":18,"column":52}},"9":{"start":{"line":21,"column":4},"end":{"line":21,"column":23}},"10":{"start":{"line":24,"column":29},"end":{"line":41,"column":3}},"11":{"start":{"line":25,"column":26},"end":{"line":30,"column":5}},"12":{"start":{"line":32,"column":21},"end":{"line":32,"column":62}},"13":{"start":{"line":34,"column":4},"end":{"line":40,"column":5}},"14":{"start":{"line":35,"column":6},"end":{"line":35,"column":37}},"15":{"start":{"line":37,"column":6},"end":{"line":37,"column":31}},"16":{"start":{"line":39,"column":6},"end":{"line":39,"column":48}},"17":{"start":{"line":44,"column":2},"end":{"line":44,"column":40}},"18":{"start":{"line":44,"column":13},"end":{"line":44,"column":40}},"19":{"start":{"line":46,"column":2},"end":{"line":53,"column":4}}},"fnMap":{"0":{"name":"PostEditForm","decl":{"start":{"line":7,"column":9},"end":{"line":7,"column":21}},"loc":{"start":{"line":7,"column":24},"end":{"line":54,"column":1}},"line":7},"1":{"name":"(anonymous_1)","decl":{"start":{"line":12,"column":12},"end":{"line":12,"column":13}},"loc":{"start":{"line":12,"column":18},"end":{"line":22,"column":3}},"line":12},"2":{"name":"(anonymous_2)","decl":{"start":{"line":13,"column":29},"end":{"line":13,"column":30}},"loc":{"start":{"line":13,"column":41},"end":{"line":20,"column":5}},"line":13},"3":{"name":"(anonymous_3)","decl":{"start":{"line":24,"column":29},"end":{"line":24,"column":30}},"loc":{"start":{"line":24,"column":48},"end":{"line":41,"column":3}},"line":24}},"branchMap":{"0":{"loc":{"start":{"line":44,"column":2},"end":{"line":44,"column":40}},"type":"if","locations":[{"start":{"line":44,"column":2},"end":{"line":44,"column":40}},{"start":{},"end":{}}],"line":44}},"s":{"0":7,"1":6,"2":6,"3":6,"4":4,"5":4,"6":4,"7":2,"8":2,"9":4,"10":6,"11":1,"12":1,"13":1,"14":1,"15":1,"16":0,"17":6,"18":4,"19":2},"f":{"0":7,"1":4,"2":4,"3":1},"b":{"0":[4,2]},"_coverageSchema":"1a1c01bbd47fc00a2c39e90264f33305004495a9","hash":"17cfb7dba5628023d78e8190bcb847871dd014b3"}
,"/Users/yasmin-morais/projects/rails-react-app/client/src/features/posts/PostForm.jsx": {"path":"/Users/yasmin-morais/projects/rails-react-app/client/src/features/posts/PostForm.jsx","statementMap":{"0":{"start":{"line":7,"column":34},"end":{"line":14,"column":3}},"1":{"start":{"line":16,"column":2},"end":{"line":72,"column":4}},"2":{"start":{"line":21,"column":10},"end":{"line":21,"column":29}},"3":{"start":{"line":22,"column":10},"end":{"line":22,"column":29}},"4":{"start":{"line":33,"column":14},"end":{"line":36,"column":16}},"5":{"start":{"line":46,"column":14},"end":{"line":49,"column":16}},"6":{"start":{"line":60,"column":14},"end":{"line":63,"column":16}},"7":{"start":{"line":76,"column":0},"end":{"line":85,"column":2}},"8":{"start":{"line":87,"column":0},"end":{"line":89,"column":2}}},"fnMap":{"0":{"name":"PostForm","decl":{"start":{"line":6,"column":9},"end":{"line":6,"column":17}},"loc":{"start":{"line":6,"column":62},"end":{"line":73,"column":1}},"line":6},"1":{"name":"(anonymous_1)","decl":{"start":{"line":20,"column":18},"end":{"line":20,"column":19}},"loc":{"start":{"line":20,"column":25},"end":{"line":23,"column":9}},"line":20},"2":{"name":"(anonymous_2)","decl":{"start":{"line":32,"column":22},"end":{"line":32,"column":23}},"loc":{"start":{"line":33,"column":14},"end":{"line":36,"column":16}},"line":33},"3":{"name":"(anonymous_3)","decl":{"start":{"line":45,"column":22},"end":{"line":45,"column":23}},"loc":{"start":{"line":46,"column":14},"end":{"line":49,"column":16}},"line":46},"4":{"name":"(anonymous_4)","decl":{"start":{"line":59,"column":22},"end":{"line":59,"column":23}},"loc":{"start":{"line":59,"column":29},"end":{"line":64,"column":13}},"line":59}},"branchMap":{"0":{"loc":{"start":{"line":9,"column":4},"end":{"line":13,"column":5}},"type":"binary-expr","locations":[{"start":{"line":9,"column":4},"end":{"line":9,"column":8}},{"start":{"line":9,"column":12},"end":{"line":13,"column":5}}],"line":9}},"s":{"0":14,"1":14,"2":4,"3":4,"4":4,"5":1,"6":1,"7":3,"8":3},"f":{"0":14,"1":4,"2":4,"3":1,"4":1},"b":{"0":[14,6]},"_coverageSchema":"1a1c01bbd47fc00a2c39e90264f33305004495a9","hash":"a21c2ccd0da4949a5119525dad4236d4eb7fc15e"}
,"/Users/yasmin-morais/projects/rails-react-app/client/src/features/posts/PostsList.jsx": {"path":"/Users/yasmin-morais/projects/rails-react-app/client/src/features/posts/PostsList.jsx","statementMap":{"0":{"start":{"line":11,"column":37},"end":{"line":11,"column":49}},"1":{"start":{"line":13,"column":2},"end":{"line":13,"column":29}},"2":{"start":{"line":14,"column":41},"end":{"line":14,"column":58}},"3":{"start":{"line":17,"column":39},"end":{"line":19,"column":2}},"4":{"start":{"line":21,"column":27},"end":{"line":21,"column":39}},"5":{"start":{"line":29,"column":5},"end":{"line":29,"column":51}},"6":{"start":{"line":31,"column":1},"end":{"line":36,"column":20}},"7":{"start":{"line":32,"column":2},"end":{"line":35,"column":3}},"8":{"start":{"line":34,"column":3},"end":{"line":34,"column":26}},"9":{"start":{"line":38,"column":1},"end":{"line":45,"column":20}},"10":{"start":{"line":40,"column":28},"end":{"line":40,"column":60}},"11":{"start":{"line":41,"column":2},"end":{"line":41,"column":35}},"12":{"start":{"line":43,"column":22},"end":{"line":43,"column":53}},"13":{"start":{"line":44,"column":2},"end":{"line":44,"column":38}},"14":{"start":{"line":47,"column":27},"end":{"line":55,"column":2}},"15":{"start":{"line":48,"column":2},"end":{"line":54,"column":3}},"16":{"start":{"line":49,"column":3},"end":{"line":49,"column":24}},"17":{"start":{"line":51,"column":3},"end":{"line":51,"column":71}},"18":{"start":{"line":51,"column":27},"end":{"line":51,"column":69}},"19":{"start":{"line":51,"column":54},"end":{"line":51,"column":68}},"20":{"start":{"line":53,"column":3},"end":{"line":53,"column":47}},"21":{"start":{"line":57,"column":37},"end":{"line":59,"column":2}},"22":{"start":{"line":58,"column":2},"end":{"line":58,"column":29}},"23":{"start":{"line":61,"column":37},"end":{"line":63,"column":2}},"24":{"start":{"line":62,"column":2},"end":{"line":62,"column":38}},"25":{"start":{"line":65,"column":26},"end":{"line":68,"column":2}},"26":{"start":{"line":66,"column":2},"end":{"line":66,"column":23}},"27":{"start":{"line":67,"column":2},"end":{"line":67,"column":63}},"28":{"start":{"line":70,"column":1},"end":{"line":114,"column":3}},"29":{"start":{"line":88,"column":4},"end":{"line":111,"column":10}},"30":{"start":{"line":107,"column":29},"end":{"line":107,"column":55}}},"fnMap":{"0":{"name":"PostsList","decl":{"start":{"line":10,"column":9},"end":{"line":10,"column":18}},"loc":{"start":{"line":10,"column":21},"end":{"line":115,"column":1}},"line":10},"1":{"name":"(anonymous_1)","decl":{"start":{"line":31,"column":11},"end":{"line":31,"column":12}},"loc":{"start":{"line":31,"column":17},"end":{"line":36,"column":2}},"line":31},"2":{"name":"(anonymous_2)","decl":{"start":{"line":38,"column":11},"end":{"line":38,"column":12}},"loc":{"start":{"line":38,"column":17},"end":{"line":45,"column":2}},"line":38},"3":{"name":"(anonymous_3)","decl":{"start":{"line":47,"column":27},"end":{"line":47,"column":28}},"loc":{"start":{"line":47,"column":41},"end":{"line":55,"column":2}},"line":47},"4":{"name":"(anonymous_4)","decl":{"start":{"line":51,"column":12},"end":{"line":51,"column":13}},"loc":{"start":{"line":51,"column":27},"end":{"line":51,"column":69}},"line":51},"5":{"name":"(anonymous_5)","decl":{"start":{"line":51,"column":44},"end":{"line":51,"column":45}},"loc":{"start":{"line":51,"column":54},"end":{"line":51,"column":68}},"line":51},"6":{"name":"(anonymous_6)","decl":{"start":{"line":57,"column":37},"end":{"line":57,"column":38}},"loc":{"start":{"line":57,"column":54},"end":{"line":59,"column":2}},"line":57},"7":{"name":"(anonymous_7)","decl":{"start":{"line":61,"column":37},"end":{"line":61,"column":38}},"loc":{"start":{"line":61,"column":54},"end":{"line":63,"column":2}},"line":61},"8":{"name":"(anonymous_8)","decl":{"start":{"line":65,"column":26},"end":{"line":65,"column":27}},"loc":{"start":{"line":65,"column":36},"end":{"line":68,"column":2}},"line":65},"9":{"name":"(anonymous_9)","decl":{"start":{"line":87,"column":14},"end":{"line":87,"column":15}},"loc":{"start":{"line":88,"column":4},"end":{"line":111,"column":10}},"line":88},"10":{"name":"(anonymous_10)","decl":{"start":{"line":107,"column":23},"end":{"line":107,"column":24}},"loc":{"start":{"line":107,"column":29},"end":{"line":107,"column":55}},"line":107}},"branchMap":{"0":{"loc":{"start":{"line":18,"column":9},"end":{"line":18,"column":40}},"type":"binary-expr","locations":[{"start":{"line":18,"column":9},"end":{"line":18,"column":33}},{"start":{"line":18,"column":37},"end":{"line":18,"column":40}}],"line":18},"1":{"loc":{"start":{"line":32,"column":2},"end":{"line":35,"column":3}},"type":"if","locations":[{"start":{"line":32,"column":2},"end":{"line":35,"column":3}},{"start":{},"end":{}}],"line":32},"2":{"loc":{"start":{"line":40,"column":28},"end":{"line":40,"column":60}},"type":"binary-expr","locations":[{"start":{"line":40,"column":28},"end":{"line":40,"column":54}},{"start":{"line":40,"column":58},"end":{"line":40,"column":60}}],"line":40},"3":{"loc":{"start":{"line":43,"column":22},"end":{"line":43,"column":53}},"type":"binary-expr","locations":[{"start":{"line":43,"column":22},"end":{"line":43,"column":46}},{"start":{"line":43,"column":50},"end":{"line":43,"column":53}}],"line":43},"4":{"loc":{"start":{"line":85,"column":4},"end":{"line":85,"column":32}},"type":"binary-expr","locations":[{"start":{"line":85,"column":4},"end":{"line":85,"column":11}},{"start":{"line":85,"column":15},"end":{"line":85,"column":32}}],"line":85},"5":{"loc":{"start":{"line":96,"column":7},"end":{"line":102,"column":7}},"type":"binary-expr","locations":[{"start":{"line":96,"column":7},"end":{"line":96,"column":21}},{"start":{"line":97,"column":7},"end":{"line":101,"column":9}}],"line":96}},"s":{"0":14,"1":14,"2":14,"3":14,"4":14,"5":14,"6":14,"7":5,"8":5,"9":14,"10":6,"11":6,"12":6,"13":6,"14":14,"15":2,"16":2,"17":1,"18":1,"19":6,"20":1,"21":14,"22":1,"23":14,"24":0,"25":14,"26":1,"27":1,"28":14,"29":53,"30":2},"f":{"0":14,"1":5,"2":6,"3":2,"4":1,"5":6,"6":1,"7":0,"8":1,"9":53,"10":2},"b":{"0":[14,12],"1":[5,0],"2":[6,6],"3":[6,5],"4":[14,0],"5":[53,0]},"_coverageSchema":"1a1c01bbd47fc00a2c39e90264f33305004495a9","hash":"090841c843894670c301fda8f5acad5d2be3e586"}
,"/Users/yasmin-morais/projects/rails-react-app/client/src/features/posts/SearchBar.jsx": {"path":"/Users/yasmin-morais/projects/rails-react-app/client/src/features/posts/SearchBar.jsx","statementMap":{"0":{"start":{"line":6,"column":27},"end":{"line":6,"column":39}},"1":{"start":{"line":8,"column":27},"end":{"line":24,"column":2}},"2":{"start":{"line":10,"column":22},"end":{"line":10,"column":36}},"3":{"start":{"line":12,"column":2},"end":{"line":12,"column":33}},"4":{"start":{"line":14,"column":2},"end":{"line":17,"column":3}},"5":{"start":{"line":16,"column":3},"end":{"line":16,"column":43}},"6":{"start":{"line":21,"column":2},"end":{"line":23,"column":10}},"7":{"start":{"line":22,"column":3},"end":{"line":22,"column":31}},"8":{"start":{"line":26,"column":1},"end":{"line":37,"column":3}},"9":{"start":{"line":40,"column":0},"end":{"line":44,"column":2}}},"fnMap":{"0":{"name":"SearchBar","decl":{"start":{"line":5,"column":9},"end":{"line":5,"column":18}},"loc":{"start":{"line":5,"column":65},"end":{"line":38,"column":1}},"line":5},"1":{"name":"(anonymous_1)","decl":{"start":{"line":8,"column":27},"end":{"line":8,"column":28}},"loc":{"start":{"line":8,"column":34},"end":{"line":24,"column":2}},"line":8},"2":{"name":"(anonymous_2)","decl":{"start":{"line":21,"column":41},"end":{"line":21,"column":42}},"loc":{"start":{"line":21,"column":47},"end":{"line":23,"column":3}},"line":21}},"branchMap":{"0":{"loc":{"start":{"line":14,"column":2},"end":{"line":17,"column":3}},"type":"if","locations":[{"start":{"line":14,"column":2},"end":{"line":17,"column":3}},{"start":{},"end":{}}],"line":14}},"s":{"0":15,"1":15,"2":3,"3":3,"4":3,"5":0,"6":3,"7":1,"8":15,"9":2},"f":{"0":15,"1":3,"2":1},"b":{"0":[0,3]},"_coverageSchema":"1a1c01bbd47fc00a2c39e90264f33305004495a9","hash":"06efe84cce9cc5608910137791d74284e2a95d25"}
,"/Users/yasmin-morais/projects/rails-react-app/client/src/hooks/usePostsData.js": {"path":"/Users/yasmin-morais/projects/rails-react-app/client/src/hooks/usePostsData.js","statementMap":{"0":{"start":{"line":5,"column":30},"end":{"line":5,"column":42}},"1":{"start":{"line":6,"column":34},"end":{"line":6,"column":48}},"2":{"start":{"line":7,"column":30},"end":{"line":7,"column":44}},"3":{"start":{"line":8,"column":40},"end":{"line":8,"column":51}},"4":{"start":{"line":9,"column":34},"end":{"line":9,"column":46}},"5":{"start":{"line":11,"column":4},"end":{"line":38,"column":27}},"6":{"start":{"line":14,"column":12},"end":{"line":35,"column":13}},"7":{"start":{"line":16,"column":16},"end":{"line":22,"column":17}},"8":{"start":{"line":18,"column":20},"end":{"line":18,"column":63}},"9":{"start":{"line":21,"column":20},"end":{"line":21,"column":53}},"10":{"start":{"line":24,"column":16},"end":{"line":29,"column":17}},"11":{"start":{"line":26,"column":20},"end":{"line":26,"column":41}},"12":{"start":{"line":27,"column":20},"end":{"line":27,"column":52}},"13":{"start":{"line":28,"column":20},"end":{"line":28,"column":46}},"14":{"start":{"line":30,"column":16},"end":{"line":30,"column":34}},"15":{"start":{"line":32,"column":16},"end":{"line":32,"column":32}},"16":{"start":{"line":33,"column":16},"end":{"line":33,"column":34}},"17":{"start":{"line":34,"column":16},"end":{"line":34,"column":60}},"18":{"start":{"line":37,"column":8},"end":{"line":37,"column":20}},"19":{"start":{"line":40,"column":4},"end":{"line":40,"column":58}}},"fnMap":{"0":{"name":"usePostsData","decl":{"start":{"line":4,"column":9},"end":{"line":4,"column":21}},"loc":{"start":{"line":4,"column":44},"end":{"line":41,"column":1}},"line":4},"1":{"name":"(anonymous_1)","decl":{"start":{"line":11,"column":14},"end":{"line":11,"column":15}},"loc":{"start":{"line":11,"column":20},"end":{"line":38,"column":5}},"line":11},"2":{"name":"loadPosts","decl":{"start":{"line":13,"column":23},"end":{"line":13,"column":32}},"loc":{"start":{"line":13,"column":35},"end":{"line":36,"column":9}},"line":13}},"branchMap":{"0":{"loc":{"start":{"line":4,"column":34},"end":{"line":4,"column":42}},"type":"default-arg","locations":[{"start":{"line":4,"column":41},"end":{"line":4,"column":42}}],"line":4},"1":{"loc":{"start":{"line":16,"column":16},"end":{"line":22,"column":17}},"type":"if","locations":[{"start":{"line":16,"column":16},"end":{"line":22,"column":17}},{"start":{"line":19,"column":23},"end":{"line":22,"column":17}}],"line":16},"2":{"loc":{"start":{"line":24,"column":16},"end":{"line":29,"column":17}},"type":"if","locations":[{"start":{"line":24,"column":16},"end":{"line":29,"column":17}},{"start":{},"end":{}}],"line":24}},"s":{"0":6,"1":6,"2":6,"3":6,"4":6,"5":6,"6":3,"7":3,"8":0,"9":3,"10":2,"11":2,"12":2,"13":2,"14":2,"15":1,"16":1,"17":1,"18":3,"19":6},"f":{"0":6,"1":3,"2":3},"b":{"0":[6],"1":[0,3],"2":[2,0]},"_coverageSchema":"1a1c01bbd47fc00a2c39e90264f33305004495a9","hash":"c7821ae6d804f20062294947ae77bb30a0436c95"}
,"/Users/yasmin-morais/projects/rails-react-app/client/src/hooks/useURLSearchParam.js": {"path":"/Users/yasmin-morais/projects/rails-react-app/client/src/hooks/useURLSearchParam.js","statementMap":{"0":{"start":{"line":6,"column":44},"end":{"line":6,"column":61}},"1":{"start":{"line":9,"column":23},"end":{"line":9,"column":66}},"2":{"start":{"line":11,"column":26},"end":{"line":23,"column":5}},"3":{"start":{"line":12,"column":8},"end":{"line":22,"column":9}},"4":{"start":{"line":14,"column":12},"end":{"line":17,"column":15}},"5":{"start":{"line":20,"column":12},"end":{"line":20,"column":43}},"6":{"start":{"line":21,"column":12},"end":{"line":21,"column":42}},"7":{"start":{"line":25,"column":4},"end":{"line":25,"column":39}}},"fnMap":{"0":{"name":"useURLSearchParam","decl":{"start":{"line":5,"column":9},"end":{"line":5,"column":26}},"loc":{"start":{"line":5,"column":57},"end":{"line":26,"column":1}},"line":5},"1":{"name":"(anonymous_1)","decl":{"start":{"line":11,"column":26},"end":{"line":11,"column":27}},"loc":{"start":{"line":11,"column":37},"end":{"line":23,"column":5}},"line":11}},"branchMap":{"0":{"loc":{"start":{"line":5,"column":38},"end":{"line":5,"column":55}},"type":"default-arg","locations":[{"start":{"line":5,"column":53},"end":{"line":5,"column":55}}],"line":5},"1":{"loc":{"start":{"line":9,"column":23},"end":{"line":9,"column":66}},"type":"binary-expr","locations":[{"start":{"line":9,"column":23},"end":{"line":9,"column":50}},{"start":{"line":9,"column":54},"end":{"line":9,"column":66}}],"line":9},"2":{"loc":{"start":{"line":12,"column":8},"end":{"line":22,"column":9}},"type":"if","locations":[{"start":{"line":12,"column":8},"end":{"line":22,"column":9}},{"start":{"line":18,"column":15},"end":{"line":22,"column":9}}],"line":12}},"s":{"0":18,"1":18,"2":18,"3":2,"4":1,"5":1,"6":1,"7":18},"f":{"0":18,"1":2},"b":{"0":[17],"1":[18,17],"2":[1,1]},"_coverageSchema":"1a1c01bbd47fc00a2c39e90264f33305004495a9","hash":"275bc7bbf657dbb1da109d36d9a2c9fbfdc3f0a1"}
,"/Users/yasmin-morais/projects/rails-react-app/client/src/services/postService.js": {"path":"/Users/yasmin-morais/projects/rails-react-app/client/src/services/postService.js","statementMap":{"0":{"start":{"line":6,"column":21},"end":{"line":6,"column":65}},"1":{"start":{"line":8,"column":4},"end":{"line":10,"column":5}},"2":{"start":{"line":9,"column":8},"end":{"line":9,"column":45}},"3":{"start":{"line":13,"column":4},"end":{"line":13,"column":27}},"4":{"start":{"line":18,"column":21},"end":{"line":18,"column":58}},"5":{"start":{"line":20,"column":4},"end":{"line":22,"column":5}},"6":{"start":{"line":21,"column":8},"end":{"line":21,"column":45}},"7":{"start":{"line":24,"column":4},"end":{"line":24,"column":27}},"8":{"start":{"line":29,"column":21},"end":{"line":32,"column":6}},"9":{"start":{"line":34,"column":4},"end":{"line":36,"column":5}},"10":{"start":{"line":35,"column":8},"end":{"line":35,"column":45}},"11":{"start":{"line":38,"column":4},"end":{"line":38,"column":27}},"12":{"start":{"line":43,"column":21},"end":{"line":46,"column":6}},"13":{"start":{"line":48,"column":4},"end":{"line":50,"column":5}},"14":{"start":{"line":49,"column":8},"end":{"line":49,"column":45}},"15":{"start":{"line":52,"column":4},"end":{"line":52,"column":27}},"16":{"start":{"line":57,"column":21},"end":{"line":59,"column":6}},"17":{"start":{"line":61,"column":4},"end":{"line":64,"column":5}},"18":{"start":{"line":63,"column":8},"end":{"line":63,"column":20}},"19":{"start":{"line":67,"column":4},"end":{"line":67,"column":41}},"20":{"start":{"line":72,"column":21},"end":{"line":72,"column":84}},"21":{"start":{"line":74,"column":4},"end":{"line":76,"column":5}},"22":{"start":{"line":75,"column":8},"end":{"line":75,"column":45}},"23":{"start":{"line":78,"column":4},"end":{"line":78,"column":27}}},"fnMap":{"0":{"name":"fetchAllPosts","decl":{"start":{"line":4,"column":15},"end":{"line":4,"column":28}},"loc":{"start":{"line":4,"column":39},"end":{"line":14,"column":1}},"line":4},"1":{"name":"fetchPost","decl":{"start":{"line":16,"column":15},"end":{"line":16,"column":24}},"loc":{"start":{"line":16,"column":29},"end":{"line":25,"column":1}},"line":16},"2":{"name":"createPost","decl":{"start":{"line":27,"column":15},"end":{"line":27,"column":25}},"loc":{"start":{"line":27,"column":36},"end":{"line":39,"column":1}},"line":27},"3":{"name":"updatePost","decl":{"start":{"line":41,"column":15},"end":{"line":41,"column":25}},"loc":{"start":{"line":41,"column":40},"end":{"line":53,"column":1}},"line":41},"4":{"name":"deletePost","decl":{"start":{"line":55,"column":15},"end":{"line":55,"column":25}},"loc":{"start":{"line":55,"column":30},"end":{"line":68,"column":1}},"line":55},"5":{"name":"searchPosts","decl":{"start":{"line":70,"column":15},"end":{"line":70,"column":26}},"loc":{"start":{"line":70,"column":44},"end":{"line":79,"column":1}},"line":70}},"branchMap":{"0":{"loc":{"start":{"line":4,"column":29},"end":{"line":4,"column":37}},"type":"default-arg","locations":[{"start":{"line":4,"column":36},"end":{"line":4,"column":37}}],"line":4},"1":{"loc":{"start":{"line":8,"column":4},"end":{"line":10,"column":5}},"type":"if","locations":[{"start":{"line":8,"column":4},"end":{"line":10,"column":5}},{"start":{},"end":{}}],"line":8},"2":{"loc":{"start":{"line":20,"column":4},"end":{"line":22,"column":5}},"type":"if","locations":[{"start":{"line":20,"column":4},"end":{"line":22,"column":5}},{"start":{},"end":{}}],"line":20},"3":{"loc":{"start":{"line":34,"column":4},"end":{"line":36,"column":5}},"type":"if","locations":[{"start":{"line":34,"column":4},"end":{"line":36,"column":5}},{"start":{},"end":{}}],"line":34},"4":{"loc":{"start":{"line":48,"column":4},"end":{"line":50,"column":5}},"type":"if","locations":[{"start":{"line":48,"column":4},"end":{"line":50,"column":5}},{"start":{},"end":{}}],"line":48},"5":{"loc":{"start":{"line":61,"column":4},"end":{"line":64,"column":5}},"type":"if","locations":[{"start":{"line":61,"column":4},"end":{"line":64,"column":5}},{"start":{},"end":{}}],"line":61},"6":{"loc":{"start":{"line":70,"column":34},"end":{"line":70,"column":42}},"type":"default-arg","locations":[{"start":{"line":70,"column":41},"end":{"line":70,"column":42}}],"line":70},"7":{"loc":{"start":{"line":74,"column":4},"end":{"line":76,"column":5}},"type":"if","locations":[{"start":{"line":74,"column":4},"end":{"line":76,"column":5}},{"start":{},"end":{}}],"line":74}},"s":{"0":2,"1":2,"2":1,"3":1,"4":2,"5":2,"6":1,"7":1,"8":2,"9":2,"10":1,"11":1,"12":2,"13":2,"14":1,"15":1,"16":2,"17":2,"18":1,"19":1,"20":2,"21":2,"22":1,"23":1},"f":{"0":2,"1":2,"2":2,"3":2,"4":2,"5":2},"b":{"0":[2],"1":[1,1],"2":[1,1],"3":[1,1],"4":[1,1],"5":[1,1],"6":[1],"7":[1,1]},"_coverageSchema":"1a1c01bbd47fc00a2c39e90264f33305004495a9","hash":"859e7e713c4b60e1aa35c2e98daa8bbd0c5c938f"}
,"/Users/yasmin-morais/projects/rails-react-app/client/src/utils/formDataHelper.js": {"path":"/Users/yasmin-morais/projects/rails-react-app/client/src/utils/formDataHelper.js","statementMap":{"0":{"start":{"line":8,"column":1},"end":{"line":14,"column":2}},"1":{"start":{"line":10,"column":2},"end":{"line":13,"column":3}},"2":{"start":{"line":11,"column":19},"end":{"line":11,"column":54}},"3":{"start":{"line":12,"column":3},"end":{"line":12,"column":58}},"4":{"start":{"line":15,"column":1},"end":{"line":15,"column":17}},"5":{"start":{"line":19,"column":1},"end":{"line":23,"column":3}},"6":{"start":{"line":28,"column":1},"end":{"line":28,"column":67}},"7":{"start":{"line":32,"column":1},"end":{"line":38,"column":2}},"8":{"start":{"line":33,"column":2},"end":{"line":33,"column":41}},"9":{"start":{"line":34,"column":8},"end":{"line":38,"column":2}},"10":{"start":{"line":35,"column":2},"end":{"line":35,"column":45}},"11":{"start":{"line":37,"column":2},"end":{"line":37,"column":34}},"12":{"start":{"line":43,"column":1},"end":{"line":43,"column":46}},"13":{"start":{"line":47,"column":1},"end":{"line":47,"column":62}}},"fnMap":{"0":{"name":"objectToFormData","decl":{"start":{"line":1,"column":16},"end":{"line":1,"column":32}},"loc":{"start":{"line":7,"column":2},"end":{"line":16,"column":1}},"line":7},"1":{"name":"isValidProperty","decl":{"start":{"line":18,"column":9},"end":{"line":18,"column":24}},"loc":{"start":{"line":18,"column":44},"end":{"line":24,"column":1}},"line":18},"2":{"name":"getFormKey","decl":{"start":{"line":26,"column":9},"end":{"line":26,"column":19}},"loc":{"start":{"line":26,"column":45},"end":{"line":29,"column":1}},"line":26},"3":{"name":"appendToFormData","decl":{"start":{"line":31,"column":9},"end":{"line":31,"column":25}},"loc":{"start":{"line":31,"column":52},"end":{"line":39,"column":1}},"line":31},"4":{"name":"appendAsDate","decl":{"start":{"line":41,"column":9},"end":{"line":41,"column":21}},"loc":{"start":{"line":41,"column":47},"end":{"line":44,"column":1}},"line":41},"5":{"name":"isObjectButNotFile","decl":{"start":{"line":46,"column":9},"end":{"line":46,"column":27}},"loc":{"start":{"line":46,"column":35},"end":{"line":48,"column":1}},"line":46}},"branchMap":{"0":{"loc":{"start":{"line":4,"column":1},"end":{"line":4,"column":17}},"type":"default-arg","locations":[{"start":{"line":4,"column":13},"end":{"line":4,"column":17}}],"line":4},"1":{"loc":{"start":{"line":6,"column":1},"end":{"line":6,"column":26}},"type":"default-arg","locations":[{"start":{"line":6,"column":12},"end":{"line":6,"column":26}}],"line":6},"2":{"loc":{"start":{"line":10,"column":2},"end":{"line":13,"column":3}},"type":"if","locations":[{"start":{"line":10,"column":2},"end":{"line":13,"column":3}},{"start":{},"end":{}}],"line":10},"3":{"loc":{"start":{"line":20,"column":2},"end":{"line":22,"column":28}},"type":"binary-expr","locations":[{"start":{"line":20,"column":2},"end":{"line":20,"column":57}},{"start":{"line":21,"column":2},"end":{"line":21,"column":33}},{"start":{"line":22,"column":2},"end":{"line":22,"column":28}}],"line":20},"4":{"loc":{"start":{"line":28,"column":8},"end":{"line":28,"column":66}},"type":"cond-expr","locations":[{"start":{"line":28,"column":20},"end":{"line":28,"column":51}},{"start":{"line":28,"column":54},"end":{"line":28,"column":66}}],"line":28},"5":{"loc":{"start":{"line":32,"column":1},"end":{"line":38,"column":2}},"type":"if","locations":[{"start":{"line":32,"column":1},"end":{"line":38,"column":2}},{"start":{"line":34,"column":8},"end":{"line":38,"column":2}}],"line":32},"6":{"loc":{"start":{"line":34,"column":8},"end":{"line":38,"column":2}},"type":"if","locations":[{"start":{"line":34,"column":8},"end":{"line":38,"column":2}},{"start":{"line":36,"column":8},"end":{"line":38,"column":2}}],"line":34},"7":{"loc":{"start":{"line":47,"column":8},"end":{"line":47,"column":61}},"type":"binary-expr","locations":[{"start":{"line":47,"column":8},"end":{"line":47,"column":33}},{"start":{"line":47,"column":37},"end":{"line":47,"column":61}}],"line":47}},"s":{"0":5,"1":7,"2":7,"3":7,"4":5,"5":7,"6":7,"7":7,"8":1,"9":6,"10":1,"11":5,"12":1,"13":6},"f":{"0":5,"1":7,"2":7,"3":7,"4":1,"5":6},"b":{"0":[0],"1":[0],"2":[7,0],"3":[7,7,7],"4":[4,3],"5":[1,6],"6":[1,5],"7":[6,1]},"_coverageSchema":"1a1c01bbd47fc00a2c39e90264f33305004495a9","hash":"831524b306276e7db43e5248a6d7b109f370d03c"}
}
