TN:
SF:src/components/AppRoutes.jsx
FN:10,AppRoutes
FNF:1
FNH:1
FNDA:4,AppRoutes
DA:11,4
LF:1
LH:1
BRF:0
BRH:0
end_of_record
TN:
SF:src/components/NavBar.jsx
FN:4,NavBar
FNF:1
FNH:1
FNDA:1,NavBar
DA:5,1
LF:1
LH:1
BRF:0
BRH:0
end_of_record
TN:
SF:src/features/posts/NewPostForm.jsx
FN:7,NewPostForm
FN:10,(anonymous_1)
FNF:2
FNH:2
FNDA:4,NewPostForm
FNDA:2,(anonymous_1)
DA:8,4
DA:10,3
DA:11,2
DA:13,2
DA:16,2
DA:19,1
DA:21,1
DA:25,3
LF:8
LH:8
BRF:0
BRH:0
end_of_record
TN:
SF:src/features/posts/Pagination.jsx
FN:3,Pagination
FN:7,(anonymous_1)
FN:13,(anonymous_2)
FN:19,(anonymous_3)
FN:40,(anonymous_4)
FN:41,(anonymous_5)
FN:44,(anonymous_6)
FN:57,(anonymous_7)
FN:61,(anonymous_8)
FNF:9
FNH:9
FNDA:24,Pagination
FNDA:1,(anonymous_1)
FNDA:2,(anonymous_2)
FNDA:24,(anonymous_3)
FNDA:24,(anonymous_4)
FNDA:92,(anonymous_5)
FNDA:1,(anonymous_6)
FNDA:106,(anonymous_7)
FNDA:1,(anonymous_8)
DA:5,24
DA:7,24
DA:8,1
DA:9,1
DA:13,24
DA:14,2
DA:15,2
DA:19,24
DA:23,24
DA:24,18
DA:28,6
DA:29,4
DA:30,4
DA:33,2
DA:34,1
DA:37,1
DA:40,24
DA:41,92
DA:44,24
DA:45,1
DA:46,1
DA:48,1
DA:51,24
DA:58,106
DA:61,1
DA:81,2
LF:26
LH:26
BRDA:8,0,0,1
BRDA:8,0,1,0
BRDA:14,1,0,2
BRDA:14,1,1,0
BRDA:23,2,0,18
BRDA:23,2,1,6
BRDA:28,3,0,4
BRDA:28,3,1,2
BRDA:33,4,0,1
BRDA:33,4,1,1
BRDA:58,5,0,99
BRDA:58,5,1,7
BRDA:74,6,0,24
BRDA:74,6,1,21
BRF:14
BRH:12
end_of_record
TN:
SF:src/features/posts/PostDetails.jsx
FN:6,PostDetails
FN:11,(anonymous_1)
FN:12,(anonymous_2)
FN:25,(anonymous_3)
FNF:4
FNH:4
FNDA:7,PostDetails
FNDA:4,(anonymous_1)
FNDA:4,(anonymous_2)
FNDA:2,(anonymous_3)
DA:7,7
DA:8,7
DA:9,7
DA:11,7
DA:12,4
DA:13,4
DA:15,4
DA:17,3
DA:19,1
DA:22,4
DA:25,7
DA:26,2
DA:27,2
DA:29,1
DA:31,1
DA:36,7
DA:38,3
LF:17
LH:17
BRDA:36,0,0,4
BRDA:36,0,1,3
BRDA:42,1,0,3
BRDA:42,1,1,3
BRF:4
BRH:4
end_of_record
TN:
SF:src/features/posts/PostEditForm.jsx
FN:7,PostEditForm
FN:12,(anonymous_1)
FN:13,(anonymous_2)
FN:24,(anonymous_3)
FNF:4
FNH:4
FNDA:7,PostEditForm
FNDA:4,(anonymous_1)
FNDA:4,(anonymous_2)
FNDA:1,(anonymous_3)
DA:8,7
DA:9,6
DA:10,6
DA:12,6
DA:13,4
DA:14,4
DA:15,4
DA:16,2
DA:18,2
DA:21,4
DA:24,6
DA:25,1
DA:32,1
DA:34,1
DA:35,1
DA:37,1
DA:39,0
DA:44,6
DA:46,2
LF:19
LH:18
BRDA:44,0,0,4
BRDA:44,0,1,2
BRF:2
BRH:2
end_of_record
TN:
SF:src/features/posts/PostForm.jsx
FN:6,PostForm
FN:20,(anonymous_1)
FN:32,(anonymous_2)
FN:45,(anonymous_3)
FN:59,(anonymous_4)
FNF:5
FNH:5
FNDA:14,PostForm
FNDA:4,(anonymous_1)
FNDA:4,(anonymous_2)
FNDA:1,(anonymous_3)
FNDA:1,(anonymous_4)
DA:7,14
DA:16,14
DA:21,4
DA:22,4
DA:33,4
DA:46,1
DA:60,1
DA:76,3
DA:87,3
LF:9
LH:9
BRDA:9,0,0,14
BRDA:9,0,1,6
BRF:2
BRH:2
end_of_record
TN:
SF:src/features/posts/PostsList.jsx
FN:10,PostsList
FN:31,(anonymous_1)
FN:38,(anonymous_2)
FN:47,(anonymous_3)
FN:51,(anonymous_4)
FN:51,(anonymous_5)
FN:57,(anonymous_6)
FN:61,(anonymous_7)
FN:65,(anonymous_8)
FN:87,(anonymous_9)
FN:107,(anonymous_10)
FNF:11
FNH:10
FNDA:14,PostsList
FNDA:5,(anonymous_1)
FNDA:6,(anonymous_2)
FNDA:2,(anonymous_3)
FNDA:1,(anonymous_4)
FNDA:6,(anonymous_5)
FNDA:1,(anonymous_6)
FNDA:0,(anonymous_7)
FNDA:1,(anonymous_8)
FNDA:53,(anonymous_9)
FNDA:2,(anonymous_10)
DA:11,14
DA:13,14
DA:14,14
DA:17,14
DA:21,14
DA:29,14
DA:31,14
DA:32,5
DA:34,5
DA:38,14
DA:40,6
DA:41,6
DA:43,6
DA:44,6
DA:47,14
DA:48,2
DA:49,2
DA:51,6
DA:53,1
DA:57,14
DA:58,1
DA:61,14
DA:62,0
DA:65,14
DA:66,1
DA:67,1
DA:70,14
DA:88,53
DA:107,2
LF:29
LH:28
BRDA:18,0,0,14
BRDA:18,0,1,12
BRDA:32,1,0,5
BRDA:32,1,1,0
BRDA:40,2,0,6
BRDA:40,2,1,6
BRDA:43,3,0,6
BRDA:43,3,1,5
BRDA:85,4,0,14
BRDA:85,4,1,0
BRDA:96,5,0,53
BRDA:96,5,1,0
BRF:12
BRH:9
end_of_record
TN:
SF:src/features/posts/SearchBar.jsx
FN:5,SearchBar
FN:8,(anonymous_1)
FN:21,(anonymous_2)
FNF:3
FNH:3
FNDA:15,SearchBar
FNDA:3,(anonymous_1)
FNDA:1,(anonymous_2)
DA:6,15
DA:8,15
DA:10,3
DA:12,3
DA:14,3
DA:16,0
DA:21,3
DA:22,1
DA:26,15
DA:40,2
LF:10
LH:9
BRDA:14,0,0,0
BRDA:14,0,1,3
BRF:2
BRH:1
end_of_record
TN:
SF:src/hooks/usePostsData.js
FN:4,usePostsData
FN:11,(anonymous_1)
FN:13,loadPosts
FNF:3
FNH:3
FNDA:6,usePostsData
FNDA:3,(anonymous_1)
FNDA:3,loadPosts
DA:5,6
DA:6,6
DA:7,6
DA:8,6
DA:9,6
DA:11,6
DA:14,3
DA:16,3
DA:18,0
DA:21,3
DA:24,2
DA:26,2
DA:27,2
DA:28,2
DA:30,2
DA:32,1
DA:33,1
DA:34,1
DA:37,3
DA:40,6
LF:20
LH:19
BRDA:4,0,0,6
BRDA:16,1,0,0
BRDA:16,1,1,3
BRDA:24,2,0,2
BRDA:24,2,1,0
BRF:5
BRH:3
end_of_record
TN:
SF:src/hooks/useURLSearchParam.js
FN:5,useURLSearchParam
FN:11,(anonymous_1)
FNF:2
FNH:2
FNDA:18,useURLSearchParam
FNDA:2,(anonymous_1)
DA:6,18
DA:9,18
DA:11,18
DA:12,2
DA:14,1
DA:20,1
DA:21,1
DA:25,18
LF:8
LH:8
BRDA:5,0,0,17
BRDA:9,1,0,18
BRDA:9,1,1,17
BRDA:12,2,0,1
BRDA:12,2,1,1
BRF:5
BRH:5
end_of_record
TN:
SF:src/services/postService.js
FN:4,fetchAllPosts
FN:16,fetchPost
FN:27,createPost
FN:41,updatePost
FN:55,deletePost
FN:70,searchPosts
FNF:6
FNH:6
FNDA:2,fetchAllPosts
FNDA:2,fetchPost
FNDA:2,createPost
FNDA:2,updatePost
FNDA:2,deletePost
FNDA:2,searchPosts
DA:6,2
DA:8,2
DA:9,1
DA:13,1
DA:18,2
DA:20,2
DA:21,1
DA:24,1
DA:29,2
DA:34,2
DA:35,1
DA:38,1
DA:43,2
DA:48,2
DA:49,1
DA:52,1
DA:57,2
DA:61,2
DA:63,1
DA:67,1
DA:72,2
DA:74,2
DA:75,1
DA:78,1
LF:24
LH:24
BRDA:4,0,0,2
BRDA:8,1,0,1
BRDA:8,1,1,1
BRDA:20,2,0,1
BRDA:20,2,1,1
BRDA:34,3,0,1
BRDA:34,3,1,1
BRDA:48,4,0,1
BRDA:48,4,1,1
BRDA:61,5,0,1
BRDA:61,5,1,1
BRDA:70,6,0,1
BRDA:74,7,0,1
BRDA:74,7,1,1
BRF:14
BRH:14
end_of_record
TN:
SF:src/utils/formDataHelper.js
FN:1,objectToFormData
FN:18,isValidProperty
FN:26,getFormKey
FN:31,appendToFormData
FN:41,appendAsDate
FN:46,isObjectButNotFile
FNF:6
FNH:6
FNDA:5,objectToFormData
FNDA:7,isValidProperty
FNDA:7,getFormKey
FNDA:7,appendToFormData
FNDA:1,appendAsDate
FNDA:6,isObjectButNotFile
DA:8,5
DA:10,7
DA:11,7
DA:12,7
DA:15,5
DA:19,7
DA:28,7
DA:32,7
DA:33,1
DA:34,6
DA:35,1
DA:37,5
DA:43,1
DA:47,6
LF:14
LH:14
BRDA:4,0,0,0
BRDA:6,1,0,0
BRDA:10,2,0,7
BRDA:10,2,1,0
BRDA:20,3,0,7
BRDA:20,3,1,7
BRDA:20,3,2,7
BRDA:28,4,0,4
BRDA:28,4,1,3
BRDA:32,5,0,1
BRDA:32,5,1,6
BRDA:34,6,0,1
BRDA:34,6,1,5
BRDA:47,7,0,6
BRDA:47,7,1,1
BRF:15
BRH:12
end_of_record
